# JRE version: OpenJDK Runtime Environment (17.0.11) (build 17.0.11+0--11852314)
# Java VM: OpenJDK 64-Bit Server VM (17.0.11+0--11852314, mixed mode, tiered, compressed oops, compressed class ptrs, g1 gc, windows-amd64)
GC Precious Log:
 CPUs: 4 total, 4 available
 Memory: 8077M
 Large Page Support: Disabled
 NUMA Support: Disabled
 Compressed Oops: Enabled (32-bit)
 Heap Region Size: 1M
 Heap Min Capacity: 8M
 Heap Initial Capacity: 128M
 Heap Max Capacity: 2G
 Pre-touch: Disabled
 Parallel Workers: 4
 Concurrent Workers: 1
 Concurrent Refinement Workers: 4
 Periodic GC: Disabled
Heap:
 garbage-first heap   total 163840K, used 102156K [0x0000000080000000, 0x0000000100000000)
  region size 1024K, 1 young (1024K), 1 survivors (1024K)
 Metaspace       used 94772K, committed 95488K, reserved 1179648K
  class space    used 12995K, committed 13312K, reserved 1048576K
GC Heap History (20 events):
Event: 15.351 GC heap after
{Heap after GC invocations=22 (full 0):
 garbage-first heap   total 158720K, used 66921K [0x0000000080000000, 0x0000000100000000)
  region size 1024K, 4 young (4096K), 4 survivors (4096K)
 Metaspace       used 72562K, committed 73152K, reserved 1114112K
  class space    used 9762K, committed 10048K, reserved 1048576K
}
Event: 16.255 GC heap before
{Heap before GC invocations=22 (full 0):
 garbage-first heap   total 158720K, used 121193K [0x0000000080000000, 0x0000000100000000)
  region size 1024K, 57 young (58368K), 4 survivors (4096K)
 Metaspace       used 75601K, committed 76160K, reserved 1179648K
  class space    used 10177K, committed 10432K, reserved 1048576K
}
Event: 16.264 GC heap after
{Heap after GC invocations=23 (full 0):
 garbage-first heap   total 158720K, used 69953K [0x0000000080000000, 0x0000000100000000)
  region size 1024K, 7 young (7168K), 7 survivors (7168K)
 Metaspace       used 75601K, committed 76160K, reserved 1179648K
  class space    used 10177K, committed 10432K, reserved 1048576K
}
Event: 17.204 GC heap before
{Heap before GC invocations=23 (full 0):
 garbage-first heap   total 158720K, used 123201K [0x0000000080000000, 0x0000000100000000)
  region size 1024K, 59 young (60416K), 7 survivors (7168K)
 Metaspace       used 79449K, committed 80064K, reserved 1179648K
  class space    used 10908K, committed 11200K, reserved 1048576K
}
Event: 17.214 GC heap after
{Heap after GC invocations=24 (full 0):
 garbage-first heap   total 158720K, used 71638K [0x0000000080000000, 0x0000000100000000)
  region size 1024K, 5 young (5120K), 5 survivors (5120K)
 Metaspace       used 79449K, committed 80064K, reserved 1179648K
  class space    used 10908K, committed 11200K, reserved 1048576K
}
Event: 18.269 GC heap before
{Heap before GC invocations=24 (full 0):
 garbage-first heap   total 158720K, used 125910K [0x0000000080000000, 0x0000000100000000)
  region size 1024K, 58 young (59392K), 5 survivors (5120K)
 Metaspace       used 83528K, committed 84096K, reserved 1179648K
  class space    used 11501K, committed 11776K, reserved 1048576K
}
Event: 18.281 GC heap after
{Heap after GC invocations=25 (full 0):
 garbage-first heap   total 158720K, used 74474K [0x0000000080000000, 0x0000000100000000)
  region size 1024K, 5 young (5120K), 5 survivors (5120K)
 Metaspace       used 83528K, committed 84096K, reserved 1179648K
  class space    used 11501K, committed 11776K, reserved 1048576K
}
Event: 19.315 GC heap before
{Heap before GC invocations=25 (full 0):
 garbage-first heap   total 158720K, used 127722K [0x0000000080000000, 0x0000000100000000)
  region size 1024K, 57 young (58368K), 5 survivors (5120K)
 Metaspace       used 88272K, committed 88960K, reserved 1179648K
  class space    used 12185K, committed 12480K, reserved 1048576K
}
Event: 19.327 GC heap after
{Heap after GC invocations=26 (full 0):
 garbage-first heap   total 158720K, used 77563K [0x0000000080000000, 0x0000000100000000)
  region size 1024K, 6 young (6144K), 6 survivors (6144K)
 Metaspace       used 88272K, committed 88960K, reserved 1179648K
  class space    used 12185K, committed 12480K, reserved 1048576K
}
Event: 21.109 GC heap before
{Heap before GC invocations=26 (full 0):
 garbage-first heap   total 158720K, used 129787K [0x0000000080000000, 0x0000000100000000)
  region size 1024K, 57 young (58368K), 6 survivors (6144K)
 Metaspace       used 91543K, committed 92224K, reserved 1179648K
  class space    used 12698K, committed 12992K, reserved 1048576K
}
Event: 21.128 GC heap after
{Heap after GC invocations=27 (full 0):
 garbage-first heap   total 158720K, used 83903K [0x0000000080000000, 0x0000000100000000)
  region size 1024K, 8 young (8192K), 8 survivors (8192K)
 Metaspace       used 91543K, committed 92224K, reserved 1179648K
  class space    used 12698K, committed 12992K, reserved 1048576K
}
Event: 21.860 GC heap before
{Heap before GC invocations=28 (full 0):
 garbage-first heap   total 163840K, used 127935K [0x0000000080000000, 0x0000000100000000)
  region size 1024K, 52 young (53248K), 8 survivors (8192K)
 Metaspace       used 91589K, committed 92224K, reserved 1179648K
  class space    used 12700K, committed 12992K, reserved 1048576K
}
Event: 21.873 GC heap after
{Heap after GC invocations=29 (full 0):
 garbage-first heap   total 163840K, used 86367K [0x0000000080000000, 0x0000000100000000)
  region size 1024K, 4 young (4096K), 4 survivors (4096K)
 Metaspace       used 91589K, committed 92224K, reserved 1179648K
  class space    used 12700K, committed 12992K, reserved 1048576K
}
Event: 21.921 GC heap before
{Heap before GC invocations=29 (full 0):
 garbage-first heap   total 163840K, used 90463K [0x0000000080000000, 0x0000000100000000)
  region size 1024K, 8 young (8192K), 4 survivors (4096K)
 Metaspace       used 91619K, committed 92224K, reserved 1179648K
  class space    used 12700K, committed 12992K, reserved 1048576K
}
Event: 21.929 GC heap after
{Heap after GC invocations=30 (full 0):
 garbage-first heap   total 163840K, used 84992K [0x0000000080000000, 0x0000000100000000)
  region size 1024K, 1 young (1024K), 1 survivors (1024K)
 Metaspace       used 91619K, committed 92224K, reserved 1179648K
  class space    used 12700K, committed 12992K, reserved 1048576K
}
Event: 22.742 GC heap before
{Heap before GC invocations=30 (full 0):
 garbage-first heap   total 163840K, used 134144K [0x0000000080000000, 0x0000000100000000)
  region size 1024K, 49 young (50176K), 1 survivors (1024K)
 Metaspace       used 91853K, committed 92480K, reserved 1179648K
  class space    used 12709K, committed 12992K, reserved 1048576K
}
Event: 22.750 GC heap after
{Heap after GC invocations=31 (full 0):
 garbage-first heap   total 163840K, used 87943K [0x0000000080000000, 0x0000000100000000)
  region size 1024K, 4 young (4096K), 4 survivors (4096K)
 Metaspace       used 91853K, committed 92480K, reserved 1179648K
  class space    used 12709K, committed 12992K, reserved 1048576K
}
Event: 24.362 GC heap before
{Heap before GC invocations=32 (full 0):
 garbage-first heap   total 163840K, used 141191K [0x0000000080000000, 0x0000000100000000)
  region size 1024K, 49 young (50176K), 4 survivors (4096K)
 Metaspace       used 94772K, committed 95488K, reserved 1179648K
  class space    used 12995K, committed 13312K, reserved 1048576K
}
Event: 24.380 GC heap after
{Heap after GC invocations=33 (full 0):
 garbage-first heap   total 163840K, used 101451K [0x0000000080000000, 0x0000000100000000)
  region size 1024K, 7 young (7168K), 7 survivors (7168K)
 Metaspace       used 94772K, committed 95488K, reserved 1179648K
  class space    used 12995K, committed 13312K, reserved 1048576K
}
Event: 24.400 GC heap before
{Heap before GC invocations=33 (full 0):
 garbage-first heap   total 163840K, used 102475K [0x0000000080000000, 0x0000000100000000)
  region size 1024K, 8 young (8192K), 7 survivors (7168K)
 Metaspace       used 94772K, committed 95488K, reserved 1179648K
  class space    used 12995K, committed 13312K, reserved 1048576K
}

