# JRE version: OpenJDK Runtime Environment (17.0.11) (build 17.0.11+0--11852314)
# Java VM: OpenJDK 64-Bit Server VM (17.0.11+0--11852314, mixed mode, tiered, compressed oops, compressed class ptrs, g1 gc, windows-amd64)
GC Precious Log:
 CPUs: 4 total, 4 available
 Memory: 8077M
 Large Page Support: Disabled
 NUMA Support: Disabled
 Compressed Oops: Enabled (32-bit)
 Heap Region Size: 1M
 Heap Min Capacity: 8M
 Heap Initial Capacity: 128M
 Heap Max Capacity: 2G
 Pre-touch: Disabled
 Parallel Workers: 4
 Concurrent Workers: 1
 Concurrent Refinement Workers: 4
 Periodic GC: Disabled
Heap:
 garbage-first heap   total 212992K, used 130814K [0x0000000080000000, 0x0000000100000000)
  region size 1024K, 67 young (68608K), 7 survivors (7168K)
 Metaspace       used 80296K, committed 80896K, reserved 1179648K
  class space    used 11004K, committed 11264K, reserved 1048576K
GC Heap History (20 events):
Event: 21.377 GC heap before
{Heap before GC invocations=22 (full 0):
 garbage-first heap   total 86016K, used 53354K [0x0000000080000000, 0x0000000100000000)
  region size 1024K, 14 young (14336K), 4 survivors (4096K)
 Metaspace       used 57874K, committed 58432K, reserved 1114112K
  class space    used 7807K, committed 8064K, reserved 1048576K
}
Event: 21.383 GC heap after
{Heap after GC invocations=23 (full 0):
 garbage-first heap   total 86016K, used 44868K [0x0000000080000000, 0x0000000100000000)
  region size 1024K, 3 young (3072K), 3 survivors (3072K)
 Metaspace       used 57874K, committed 58432K, reserved 1114112K
  class space    used 7807K, committed 8064K, reserved 1048576K
}
Event: 26.773 GC heap before
{Heap before GC invocations=24 (full 0):
 garbage-first heap   total 86016K, used 70468K [0x0000000080000000, 0x0000000100000000)
  region size 1024K, 23 young (23552K), 3 survivors (3072K)
 Metaspace       used 58934K, committed 59520K, reserved 1114112K
  class space    used 7965K, committed 8192K, reserved 1048576K
}
Event: 26.777 GC heap after
{Heap after GC invocations=25 (full 0):
 garbage-first heap   total 86016K, used 55147K [0x0000000080000000, 0x0000000100000000)
  region size 1024K, 3 young (3072K), 3 survivors (3072K)
 Metaspace       used 58934K, committed 59520K, reserved 1114112K
  class space    used 7965K, committed 8192K, reserved 1048576K
}
Event: 26.788 GC heap before
{Heap before GC invocations=25 (full 0):
 garbage-first heap   total 86016K, used 56171K [0x0000000080000000, 0x0000000100000000)
  region size 1024K, 4 young (4096K), 3 survivors (3072K)
 Metaspace       used 59029K, committed 59584K, reserved 1114112K
  class space    used 7966K, committed 8192K, reserved 1048576K
}
Event: 26.794 GC heap after
{Heap after GC invocations=26 (full 0):
 garbage-first heap   total 86016K, used 54961K [0x0000000080000000, 0x0000000100000000)
  region size 1024K, 1 young (1024K), 1 survivors (1024K)
 Metaspace       used 59029K, committed 59584K, reserved 1114112K
  class space    used 7966K, committed 8192K, reserved 1048576K
}
Event: 27.052 GC heap before
{Heap before GC invocations=26 (full 0):
 garbage-first heap   total 86016K, used 58033K [0x0000000080000000, 0x0000000100000000)
  region size 1024K, 6 young (6144K), 1 survivors (1024K)
 Metaspace       used 59282K, committed 59904K, reserved 1114112K
  class space    used 7990K, committed 8256K, reserved 1048576K
}
Event: 27.053 GC heap after
{Heap after GC invocations=27 (full 0):
 garbage-first heap   total 86016K, used 55289K [0x0000000080000000, 0x0000000100000000)
  region size 1024K, 1 young (1024K), 1 survivors (1024K)
 Metaspace       used 59282K, committed 59904K, reserved 1114112K
  class space    used 7990K, committed 8256K, reserved 1048576K
}
Event: 27.347 GC heap before
{Heap before GC invocations=28 (full 0):
 garbage-first heap   total 106496K, used 68601K [0x0000000080000000, 0x0000000100000000)
  region size 1024K, 14 young (14336K), 1 survivors (1024K)
 Metaspace       used 60318K, committed 60864K, reserved 1114112K
  class space    used 8132K, committed 8384K, reserved 1048576K
}
Event: 27.349 GC heap after
{Heap after GC invocations=29 (full 0):
 garbage-first heap   total 106496K, used 56639K [0x0000000080000000, 0x0000000100000000)
  region size 1024K, 1 young (1024K), 1 survivors (1024K)
 Metaspace       used 60318K, committed 60864K, reserved 1114112K
  class space    used 8132K, committed 8384K, reserved 1048576K
}
Event: 27.440 GC heap before
{Heap before GC invocations=29 (full 0):
 garbage-first heap   total 106496K, used 59711K [0x0000000080000000, 0x0000000100000000)
  region size 1024K, 5 young (5120K), 1 survivors (1024K)
 Metaspace       used 60633K, committed 61248K, reserved 1114112K
  class space    used 8181K, committed 8448K, reserved 1048576K
}
Event: 27.443 GC heap after
{Heap after GC invocations=30 (full 0):
 garbage-first heap   total 106496K, used 56474K [0x0000000080000000, 0x0000000100000000)
  region size 1024K, 1 young (1024K), 1 survivors (1024K)
 Metaspace       used 60633K, committed 61248K, reserved 1114112K
  class space    used 8181K, committed 8448K, reserved 1048576K
}
Event: 27.846 GC heap before
{Heap before GC invocations=30 (full 0):
 garbage-first heap   total 106496K, used 81050K [0x0000000080000000, 0x0000000100000000)
  region size 1024K, 26 young (26624K), 1 survivors (1024K)
 Metaspace       used 63140K, committed 63744K, reserved 1114112K
  class space    used 8448K, committed 8704K, reserved 1048576K
}
Event: 27.849 GC heap after
{Heap after GC invocations=31 (full 0):
 garbage-first heap   total 212992K, used 57147K [0x0000000080000000, 0x0000000100000000)
  region size 1024K, 2 young (2048K), 2 survivors (2048K)
 Metaspace       used 63140K, committed 63744K, reserved 1114112K
  class space    used 8448K, committed 8704K, reserved 1048576K
}
Event: 30.202 GC heap before
{Heap before GC invocations=32 (full 0):
 garbage-first heap   total 212992K, used 155451K [0x0000000080000000, 0x0000000100000000)
  region size 1024K, 93 young (95232K), 2 survivors (2048K)
 Metaspace       used 71200K, committed 71808K, reserved 1114112K
  class space    used 9553K, committed 9856K, reserved 1048576K
}
Event: 30.214 GC heap after
{Heap after GC invocations=33 (full 0):
 garbage-first heap   total 212992K, used 64491K [0x0000000080000000, 0x0000000100000000)
  region size 1024K, 8 young (8192K), 8 survivors (8192K)
 Metaspace       used 71200K, committed 71808K, reserved 1114112K
  class space    used 9553K, committed 9856K, reserved 1048576K
}
Event: 30.250 GC heap before
{Heap before GC invocations=33 (full 0):
 garbage-first heap   total 212992K, used 66539K [0x0000000080000000, 0x0000000100000000)
  region size 1024K, 10 young (10240K), 8 survivors (8192K)
 Metaspace       used 71347K, committed 72000K, reserved 1114112K
  class space    used 9574K, committed 9856K, reserved 1048576K
}
Event: 30.262 GC heap after
{Heap after GC invocations=34 (full 0):
 garbage-first heap   total 212992K, used 65129K [0x0000000080000000, 0x0000000100000000)
  region size 1024K, 1 young (1024K), 1 survivors (1024K)
 Metaspace       used 71347K, committed 72000K, reserved 1114112K
  class space    used 9574K, committed 9856K, reserved 1048576K
}
Event: 31.825 GC heap before
{Heap before GC invocations=34 (full 0):
 garbage-first heap   total 212992K, used 160361K [0x0000000080000000, 0x0000000100000000)
  region size 1024K, 94 young (96256K), 1 survivors (1024K)
 Metaspace       used 75738K, committed 76352K, reserved 1179648K
  class space    used 10187K, committed 10432K, reserved 1048576K
}
Event: 31.837 GC heap after
{Heap after GC invocations=35 (full 0):
 garbage-first heap   total 212992K, used 70398K [0x0000000080000000, 0x0000000100000000)
  region size 1024K, 7 young (7168K), 7 survivors (7168K)
 Metaspace       used 75738K, committed 76352K, reserved 1179648K
  class space    used 10187K, committed 10432K, reserved 1048576K
}

