# JRE version: OpenJDK Runtime Environment (17.0.11) (build 17.0.11+0--11852314)
# Java VM: OpenJDK 64-Bit Server VM (17.0.11+0--11852314, mixed mode, tiered, compressed oops, compressed class ptrs, g1 gc, windows-amd64)
GC Precious Log:
 CPUs: 4 total, 4 available
 Memory: 8077M
 Large Page Support: Disabled
 NUMA Support: Disabled
 Compressed Oops: Enabled (32-bit)
 Heap Region Size: 1M
 Heap Min Capacity: 8M
 Heap Initial Capacity: 128M
 Heap Max Capacity: 2G
 Pre-touch: Disabled
 Parallel Workers: 4
 Concurrent Workers: 1
 Concurrent Refinement Workers: 4
 Periodic GC: Disabled
Heap:
 garbage-first heap   total 230400K, used 129798K [0x0000000080000000, 0x0000000100000000)
  region size 1024K, 2 young (2048K), 2 survivors (2048K)
 Metaspace       used 114894K, committed 115648K, reserved 1179648K
  class space    used 15430K, committed 15808K, reserved 1048576K
GC Heap History (20 events):
Event: 27.877 GC heap after
{Heap after GC invocations=47 (full 0):
 garbage-first heap   total 230400K, used 88460K [0x0000000080000000, 0x0000000100000000)
  region size 1024K, 5 young (5120K), 5 survivors (5120K)
 Metaspace       used 97418K, committed 98176K, reserved 1179648K
  class space    used 13277K, committed 13632K, reserved 1048576K
}
Event: 27.949 GC heap before
{Heap before GC invocations=47 (full 0):
 garbage-first heap   total 230400K, used 93580K [0x0000000080000000, 0x0000000100000000)
  region size 1024K, 11 young (11264K), 5 survivors (5120K)
 Metaspace       used 97702K, committed 98496K, reserved 1179648K
  class space    used 13313K, committed 13696K, reserved 1048576K
}
Event: 27.956 GC heap after
{Heap after GC invocations=48 (full 0):
 garbage-first heap   total 230400K, used 87926K [0x0000000080000000, 0x0000000100000000)
  region size 1024K, 1 young (1024K), 1 survivors (1024K)
 Metaspace       used 97702K, committed 98496K, reserved 1179648K
  class space    used 13313K, committed 13696K, reserved 1048576K
}
Event: 29.428 GC heap before
{Heap before GC invocations=48 (full 0):
 garbage-first heap   total 230400K, used 187254K [0x0000000080000000, 0x0000000100000000)
  region size 1024K, 99 young (101376K), 1 survivors (1024K)
 Metaspace       used 98885K, committed 99648K, reserved 1179648K
  class space    used 13458K, committed 13824K, reserved 1048576K
}
Event: 29.442 GC heap after
{Heap after GC invocations=49 (full 0):
 garbage-first heap   total 230400K, used 93343K [0x0000000080000000, 0x0000000100000000)
  region size 1024K, 7 young (7168K), 7 survivors (7168K)
 Metaspace       used 98885K, committed 99648K, reserved 1179648K
  class space    used 13458K, committed 13824K, reserved 1048576K
}
Event: 30.999 GC heap before
{Heap before GC invocations=50 (full 0):
 garbage-first heap   total 230400K, used 186527K [0x0000000080000000, 0x0000000100000000)
  region size 1024K, 99 young (101376K), 7 survivors (7168K)
 Metaspace       used 102205K, committed 102976K, reserved 1179648K
  class space    used 13907K, committed 14272K, reserved 1048576K
}
Event: 31.013 GC heap after
{Heap after GC invocations=51 (full 0):
 garbage-first heap   total 230400K, used 97220K [0x0000000080000000, 0x0000000100000000)
  region size 1024K, 10 young (10240K), 10 survivors (10240K)
 Metaspace       used 102205K, committed 102976K, reserved 1179648K
  class space    used 13907K, committed 14272K, reserved 1048576K
}
Event: 31.021 GC heap before
{Heap before GC invocations=51 (full 0):
 garbage-first heap   total 230400K, used 98244K [0x0000000080000000, 0x0000000100000000)
  region size 1024K, 11 young (11264K), 10 survivors (10240K)
 Metaspace       used 102205K, committed 102976K, reserved 1179648K
  class space    used 13907K, committed 14272K, reserved 1048576K
}
Event: 31.034 GC heap after
{Heap after GC invocations=52 (full 0):
 garbage-first heap   total 230400K, used 96900K [0x0000000080000000, 0x0000000100000000)
  region size 1024K, 2 young (2048K), 2 survivors (2048K)
 Metaspace       used 102205K, committed 102976K, reserved 1179648K
  class space    used 13907K, committed 14272K, reserved 1048576K
}
Event: 35.650 GC heap before
{Heap before GC invocations=52 (full 0):
 garbage-first heap   total 230400K, used 187012K [0x0000000080000000, 0x0000000100000000)
  region size 1024K, 91 young (93184K), 2 survivors (2048K)
 Metaspace       used 103220K, committed 104000K, reserved 1179648K
  class space    used 14022K, committed 14400K, reserved 1048576K
}
Event: 35.669 GC heap after
{Heap after GC invocations=53 (full 0):
 garbage-first heap   total 230400K, used 106133K [0x0000000080000000, 0x0000000100000000)
  region size 1024K, 11 young (11264K), 11 survivors (11264K)
 Metaspace       used 103220K, committed 104000K, reserved 1179648K
  class space    used 14022K, committed 14400K, reserved 1048576K
}
Event: 37.176 GC heap before
{Heap before GC invocations=54 (full 0):
 garbage-first heap   total 230400K, used 183957K [0x0000000080000000, 0x0000000100000000)
  region size 1024K, 88 young (90112K), 11 survivors (11264K)
 Metaspace       used 104843K, committed 105600K, reserved 1179648K
  class space    used 14200K, committed 14528K, reserved 1048576K
}
Event: 37.197 GC heap after
{Heap after GC invocations=55 (full 0):
 garbage-first heap   total 230400K, used 109463K [0x0000000080000000, 0x0000000100000000)
  region size 1024K, 9 young (9216K), 9 survivors (9216K)
 Metaspace       used 104843K, committed 105600K, reserved 1179648K
  class space    used 14200K, committed 14528K, reserved 1048576K
}
Event: 37.222 GC heap before
{Heap before GC invocations=55 (full 0):
 garbage-first heap   total 230400K, used 110487K [0x0000000080000000, 0x0000000100000000)
  region size 1024K, 11 young (11264K), 9 survivors (9216K)
 Metaspace       used 104845K, committed 105600K, reserved 1179648K
  class space    used 14200K, committed 14528K, reserved 1048576K
}
Event: 37.236 GC heap after
{Heap after GC invocations=56 (full 0):
 garbage-first heap   total 230400K, used 109954K [0x0000000080000000, 0x0000000100000000)
  region size 1024K, 2 young (2048K), 2 survivors (2048K)
 Metaspace       used 104845K, committed 105600K, reserved 1179648K
  class space    used 14200K, committed 14528K, reserved 1048576K
}
Event: 38.522 GC heap before
{Heap before GC invocations=56 (full 0):
 garbage-first heap   total 230400K, used 159106K [0x0000000080000000, 0x0000000100000000)
  region size 1024K, 52 young (53248K), 2 survivors (2048K)
 Metaspace       used 111913K, committed 112704K, reserved 1179648K
  class space    used 15087K, committed 15424K, reserved 1048576K
}
Event: 38.531 GC heap after
{Heap after GC invocations=57 (full 0):
 garbage-first heap   total 230400K, used 112960K [0x0000000080000000, 0x0000000100000000)
  region size 1024K, 5 young (5120K), 5 survivors (5120K)
 Metaspace       used 111913K, committed 112704K, reserved 1179648K
  class space    used 15087K, committed 15424K, reserved 1048576K
}
Event: 40.381 GC heap before
{Heap before GC invocations=58 (full 0):
 garbage-first heap   total 230400K, used 183616K [0x0000000080000000, 0x0000000100000000)
  region size 1024K, 73 young (74752K), 5 survivors (5120K)
 Metaspace       used 114827K, committed 115584K, reserved 1179648K
  class space    used 15430K, committed 15808K, reserved 1048576K
}
Event: 40.410 GC heap after
{Heap after GC invocations=59 (full 0):
 garbage-first heap   total 230400K, used 128943K [0x0000000080000000, 0x0000000100000000)
  region size 1024K, 10 young (10240K), 10 survivors (10240K)
 Metaspace       used 114827K, committed 115584K, reserved 1179648K
  class space    used 15430K, committed 15808K, reserved 1048576K
}
Event: 40.485 GC heap before
{Heap before GC invocations=59 (full 0):
 garbage-first heap   total 230400K, used 129967K [0x0000000080000000, 0x0000000100000000)
  region size 1024K, 11 young (11264K), 10 survivors (10240K)
 Metaspace       used 114894K, committed 115648K, reserved 1179648K
  class space    used 15430K, committed 15808K, reserved 1048576K
}

