# JRE version: OpenJDK Runtime Environment (17.0.11) (build 17.0.11+0--11852314)
# Java VM: OpenJDK 64-Bit Server VM (17.0.11+0--11852314, mixed mode, tiered, compressed oops, compressed class ptrs, g1 gc, windows-amd64)
GC Precious Log:
 CPUs: 4 total, 4 available
 Memory: 8077M
 Large Page Support: Disabled
 NUMA Support: Disabled
 Compressed Oops: Enabled (32-bit)
 Heap Region Size: 1M
 Heap Min Capacity: 8M
 Heap Initial Capacity: 128M
 Heap Max Capacity: 2G
 Pre-touch: Disabled
 Parallel Workers: 4
 Concurrent Workers: 1
 Concurrent Refinement Workers: 4
 Periodic GC: Disabled
Heap:
 garbage-first heap   total 168960K, used 98679K [0x0000000080000000, 0x0000000100000000)
  region size 1024K, 30 young (30720K), 3 survivors (3072K)
 Metaspace       used 82441K, committed 83072K, reserved 1179648K
  class space    used 11319K, committed 11584K, reserved 1048576K
GC Heap History (20 events):
Event: 6.856 GC heap before
{Heap before GC invocations=11 (full 0):
 garbage-first heap   total 71680K, used 55562K [0x0000000080000000, 0x0000000100000000)
  region size 1024K, 34 young (34816K), 2 survivors (2048K)
 Metaspace       used 41360K, committed 41728K, reserved 1114112K
  class space    used 5471K, committed 5632K, reserved 1048576K
}
Event: 6.867 GC heap after
{Heap after GC invocations=12 (full 0):
 garbage-first heap   total 71680K, used 28120K [0x0000000080000000, 0x0000000100000000)
  region size 1024K, 5 young (5120K), 5 survivors (5120K)
 Metaspace       used 41360K, committed 41728K, reserved 1114112K
  class space    used 5471K, committed 5632K, reserved 1048576K
}
Event: 6.875 GC heap before
{Heap before GC invocations=12 (full 0):
 garbage-first heap   total 71680K, used 29144K [0x0000000080000000, 0x0000000100000000)
  region size 1024K, 6 young (6144K), 5 survivors (5120K)
 Metaspace       used 41360K, committed 41728K, reserved 1114112K
  class space    used 5471K, committed 5632K, reserved 1048576K
}
Event: 6.884 GC heap after
{Heap after GC invocations=13 (full 0):
 garbage-first heap   total 71680K, used 28287K [0x0000000080000000, 0x0000000100000000)
  region size 1024K, 1 young (1024K), 1 survivors (1024K)
 Metaspace       used 41360K, committed 41728K, reserved 1114112K
  class space    used 5471K, committed 5632K, reserved 1048576K
}
Event: 7.364 GC heap before
{Heap before GC invocations=13 (full 0):
 garbage-first heap   total 71680K, used 51839K [0x0000000080000000, 0x0000000100000000)
  region size 1024K, 23 young (23552K), 1 survivors (1024K)
 Metaspace       used 43460K, committed 43840K, reserved 1114112K
  class space    used 5810K, committed 5952K, reserved 1048576K
}
Event: 7.369 GC heap after
{Heap after GC invocations=14 (full 0):
 garbage-first heap   total 168960K, used 32223K [0x0000000080000000, 0x0000000100000000)
  region size 1024K, 3 young (3072K), 3 survivors (3072K)
 Metaspace       used 43460K, committed 43840K, reserved 1114112K
  class space    used 5810K, committed 5952K, reserved 1048576K
}
Event: 9.480 GC heap before
{Heap before GC invocations=14 (full 0):
 garbage-first heap   total 168960K, used 131551K [0x0000000080000000, 0x0000000100000000)
  region size 1024K, 97 young (99328K), 3 survivors (3072K)
 Metaspace       used 54498K, committed 54976K, reserved 1114112K
  class space    used 7335K, committed 7552K, reserved 1048576K
}
Event: 9.495 GC heap after
{Heap after GC invocations=15 (full 0):
 garbage-first heap   total 168960K, used 37082K [0x0000000080000000, 0x0000000100000000)
  region size 1024K, 9 young (9216K), 9 survivors (9216K)
 Metaspace       used 54498K, committed 54976K, reserved 1114112K
  class space    used 7335K, committed 7552K, reserved 1048576K
}
Event: 11.602 GC heap before
{Heap before GC invocations=15 (full 0):
 garbage-first heap   total 168960K, used 131290K [0x0000000080000000, 0x0000000100000000)
  region size 1024K, 95 young (97280K), 9 survivors (9216K)
 Metaspace       used 59081K, committed 59584K, reserved 1114112K
  class space    used 7963K, committed 8192K, reserved 1048576K
}
Event: 11.622 GC heap after
{Heap after GC invocations=16 (full 0):
 garbage-first heap   total 168960K, used 53378K [0x0000000080000000, 0x0000000100000000)
  region size 1024K, 12 young (12288K), 12 survivors (12288K)
 Metaspace       used 59081K, committed 59584K, reserved 1114112K
  class space    used 7963K, committed 8192K, reserved 1048576K
}
Event: 11.850 GC heap before
{Heap before GC invocations=16 (full 0):
 garbage-first heap   total 168960K, used 69762K [0x0000000080000000, 0x0000000100000000)
  region size 1024K, 28 young (28672K), 12 survivors (12288K)
 Metaspace       used 60264K, committed 60736K, reserved 1114112K
  class space    used 8106K, committed 8320K, reserved 1048576K
}
Event: 11.862 GC heap after
{Heap after GC invocations=17 (full 0):
 garbage-first heap   total 168960K, used 55984K [0x0000000080000000, 0x0000000100000000)
  region size 1024K, 2 young (2048K), 2 survivors (2048K)
 Metaspace       used 60264K, committed 60736K, reserved 1114112K
  class space    used 8106K, committed 8320K, reserved 1048576K
}
Event: 13.395 GC heap before
{Heap before GC invocations=18 (full 0):
 garbage-first heap   total 168960K, used 131760K [0x0000000080000000, 0x0000000100000000)
  region size 1024K, 75 young (76800K), 2 survivors (2048K)
 Metaspace       used 68193K, committed 68800K, reserved 1114112K
  class space    used 9151K, committed 9408K, reserved 1048576K
}
Event: 13.403 GC heap after
{Heap after GC invocations=19 (full 0):
 garbage-first heap   total 168960K, used 59815K [0x0000000080000000, 0x0000000100000000)
  region size 1024K, 5 young (5120K), 5 survivors (5120K)
 Metaspace       used 68193K, committed 68800K, reserved 1114112K
  class space    used 9151K, committed 9408K, reserved 1048576K
}
Event: 14.583 GC heap before
{Heap before GC invocations=19 (full 0):
 garbage-first heap   total 168960K, used 137639K [0x0000000080000000, 0x0000000100000000)
  region size 1024K, 77 young (78848K), 5 survivors (5120K)
 Metaspace       used 72551K, committed 73088K, reserved 1114112K
  class space    used 9748K, committed 9984K, reserved 1048576K
}
Event: 14.594 GC heap after
{Heap after GC invocations=20 (full 0):
 garbage-first heap   total 168960K, used 65418K [0x0000000080000000, 0x0000000100000000)
  region size 1024K, 10 young (10240K), 10 survivors (10240K)
 Metaspace       used 72551K, committed 73088K, reserved 1114112K
  class space    used 9748K, committed 9984K, reserved 1048576K
}
Event: 15.567 GC heap before
{Heap before GC invocations=20 (full 0):
 garbage-first heap   total 168960K, used 135050K [0x0000000080000000, 0x0000000100000000)
  region size 1024K, 78 young (79872K), 10 survivors (10240K)
 Metaspace       used 75470K, committed 76096K, reserved 1179648K
  class space    used 10147K, committed 10432K, reserved 1048576K
}
Event: 15.583 GC heap after
{Heap after GC invocations=21 (full 0):
 garbage-first heap   total 168960K, used 70324K [0x0000000080000000, 0x0000000100000000)
  region size 1024K, 6 young (6144K), 6 survivors (6144K)
 Metaspace       used 75470K, committed 76096K, reserved 1179648K
  class space    used 10147K, committed 10432K, reserved 1048576K
}
Event: 16.601 GC heap before
{Heap before GC invocations=21 (full 0):
 garbage-first heap   total 168960K, used 134836K [0x0000000080000000, 0x0000000100000000)
  region size 1024K, 69 young (70656K), 6 survivors (6144K)
 Metaspace       used 80348K, committed 80960K, reserved 1179648K
  class space    used 11007K, committed 11264K, reserved 1048576K
}
Event: 16.610 GC heap after
{Heap after GC invocations=22 (full 0):
 garbage-first heap   total 168960K, used 72055K [0x0000000080000000, 0x0000000100000000)
  region size 1024K, 3 young (3072K), 3 survivors (3072K)
 Metaspace       used 80348K, committed 80960K, reserved 1179648K
  class space    used 11007K, committed 11264K, reserved 1048576K
}

