# JRE version: OpenJDK Runtime Environment (17.0.11) (build 17.0.11+0--11852314)
# Java VM: OpenJDK 64-Bit Server VM (17.0.11+0--11852314, mixed mode, tiered, compressed oops, compressed class ptrs, g1 gc, windows-amd64)
GC Precious Log:
 CPUs: 4 total, 4 available
 Memory: 8077M
 Large Page Support: Disabled
 NUMA Support: Disabled
 Compressed Oops: Enabled (32-bit)
 Heap Region Size: 1M
 Heap Min Capacity: 8M
 Heap Initial Capacity: 128M
 Heap Max Capacity: 2G
 Pre-touch: Disabled
 Parallel Workers: 4
 Concurrent Workers: 1
 Concurrent Refinement Workers: 4
 Periodic GC: Disabled
Heap:
 garbage-first heap   total 480256K, used 354723K [0x0000000080000000, 0x0000000100000000)
  region size 1024K, 57 young (58368K), 2 survivors (2048K)
 Metaspace       used 163863K, committed 165376K, reserved 1245184K
  class space    used 21571K, committed 22272K, reserved 1048576K
GC Heap History (20 events):
Event: 3255.297 GC heap before
{Heap before GC invocations=67 (full 0):
 garbage-first heap   total 480256K, used 234650K [0x0000000080000000, 0x0000000100000000)
  region size 1024K, 91 young (93184K), 10 survivors (10240K)
 Metaspace       used 136066K, committed 137024K, reserved 1179648K
  class space    used 18488K, committed 18944K, reserved 1048576K
}
Event: 3255.342 GC heap after
{Heap after GC invocations=68 (full 0):
 garbage-first heap   total 480256K, used 156914K [0x0000000080000000, 0x0000000100000000)
  region size 1024K, 4 young (4096K), 4 survivors (4096K)
 Metaspace       used 136066K, committed 137024K, reserved 1179648K
  class space    used 18488K, committed 18944K, reserved 1048576K
}
Event: 3335.097 GC heap before
{Heap before GC invocations=68 (full 0):
 garbage-first heap   total 480256K, used 405746K [0x0000000080000000, 0x0000000100000000)
  region size 1024K, 209 young (214016K), 4 survivors (4096K)
 Metaspace       used 137605K, committed 138752K, reserved 1179648K
  class space    used 18560K, committed 19072K, reserved 1048576K
}
Event: 3335.130 GC heap after
{Heap after GC invocations=69 (full 0):
 garbage-first heap   total 480256K, used 167711K [0x0000000080000000, 0x0000000100000000)
  region size 1024K, 15 young (15360K), 15 survivors (15360K)
 Metaspace       used 137605K, committed 138752K, reserved 1179648K
  class space    used 18560K, committed 19072K, reserved 1048576K
}
Event: 6510.848 GC heap before
{Heap before GC invocations=69 (full 0):
 garbage-first heap   total 480256K, used 431903K [0x0000000080000000, 0x0000000100000000)
  region size 1024K, 198 young (202752K), 15 survivors (15360K)
 Metaspace       used 143818K, committed 145088K, reserved 1179648K
  class space    used 19452K, committed 20032K, reserved 1048576K
}
Event: 6510.877 GC heap after
{Heap after GC invocations=70 (full 0):
 garbage-first heap   total 480256K, used 215753K [0x0000000080000000, 0x0000000100000000)
  region size 1024K, 21 young (21504K), 21 survivors (21504K)
 Metaspace       used 143818K, committed 145088K, reserved 1179648K
  class space    used 19452K, committed 20032K, reserved 1048576K
}
Event: 6513.894 GC heap before
{Heap before GC invocations=70 (full 0):
 garbage-first heap   total 480256K, used 372425K [0x0000000080000000, 0x0000000100000000)
  region size 1024K, 173 young (177152K), 21 survivors (21504K)
 Metaspace       used 153153K, committed 154368K, reserved 1245184K
  class space    used 20530K, committed 21056K, reserved 1048576K
}
Event: 6513.941 GC heap after
{Heap after GC invocations=71 (full 0):
 garbage-first heap   total 480256K, used 227653K [0x0000000080000000, 0x0000000100000000)
  region size 1024K, 14 young (14336K), 14 survivors (14336K)
 Metaspace       used 153153K, committed 154368K, reserved 1245184K
  class space    used 20530K, committed 21056K, reserved 1048576K
}
Event: 6549.192 GC heap before
{Heap before GC invocations=71 (full 0):
 garbage-first heap   total 480256K, used 377157K [0x0000000080000000, 0x0000000100000000)
  region size 1024K, 161 young (164864K), 14 survivors (14336K)
 Metaspace       used 160055K, committed 161408K, reserved 1245184K
  class space    used 21386K, committed 22016K, reserved 1048576K
}
Event: 6549.251 GC heap after
{Heap after GC invocations=72 (full 0):
 garbage-first heap   total 480256K, used 245529K [0x0000000080000000, 0x0000000100000000)
  region size 1024K, 18 young (18432K), 18 survivors (18432K)
 Metaspace       used 160055K, committed 161408K, reserved 1245184K
  class space    used 21386K, committed 22016K, reserved 1048576K
}
Event: 8728.778 GC heap before
{Heap before GC invocations=72 (full 0):
 garbage-first heap   total 480256K, used 381721K [0x0000000080000000, 0x0000000100000000)
  region size 1024K, 151 young (154624K), 18 survivors (18432K)
 Metaspace       used 160329K, committed 161664K, reserved 1245184K
  class space    used 21391K, committed 22016K, reserved 1048576K
}
Event: 8728.863 GC heap after
{Heap after GC invocations=73 (full 0):
 garbage-first heap   total 480256K, used 245760K [0x0000000080000000, 0x0000000100000000)
  region size 1024K, 8 young (8192K), 8 survivors (8192K)
 Metaspace       used 160329K, committed 161664K, reserved 1245184K
  class space    used 21391K, committed 22016K, reserved 1048576K
}
Event: 8734.673 GC heap before
{Heap before GC invocations=73 (full 0):
 garbage-first heap   total 480256K, used 417792K [0x0000000080000000, 0x0000000100000000)
  region size 1024K, 146 young (149504K), 8 survivors (8192K)
 Metaspace       used 160489K, committed 161856K, reserved 1245184K
  class space    used 21392K, committed 22016K, reserved 1048576K
}
Event: 8734.697 GC heap after
{Heap after GC invocations=74 (full 0):
 garbage-first heap   total 480256K, used 248832K [0x0000000080000000, 0x0000000100000000)
  region size 1024K, 11 young (11264K), 11 survivors (11264K)
 Metaspace       used 160489K, committed 161856K, reserved 1245184K
  class space    used 21392K, committed 22016K, reserved 1048576K
}
Event: 8742.228 GC heap before
{Heap before GC invocations=74 (full 0):
 garbage-first heap   total 480256K, used 394240K [0x0000000080000000, 0x0000000100000000)
  region size 1024K, 152 young (155648K), 11 survivors (11264K)
 Metaspace       used 161097K, committed 162432K, reserved 1245184K
  class space    used 21444K, committed 22080K, reserved 1048576K
}
Event: 8742.274 GC heap after
{Heap after GC invocations=75 (full 0):
 garbage-first heap   total 480256K, used 266365K [0x0000000080000000, 0x0000000100000000)
  region size 1024K, 19 young (19456K), 19 survivors (19456K)
 Metaspace       used 161097K, committed 162432K, reserved 1245184K
  class space    used 21444K, committed 22080K, reserved 1048576K
}
Event: 8746.160 GC heap before
{Heap before GC invocations=75 (full 0):
 garbage-first heap   total 480256K, used 394365K [0x0000000080000000, 0x0000000100000000)
  region size 1024K, 141 young (144384K), 19 survivors (19456K)
 Metaspace       used 162449K, committed 163840K, reserved 1245184K
  class space    used 21501K, committed 22144K, reserved 1048576K
}
Event: 8746.190 GC heap after
{Heap after GC invocations=76 (full 0):
 garbage-first heap   total 480256K, used 268288K [0x0000000080000000, 0x0000000100000000)
  region size 1024K, 11 young (11264K), 11 survivors (11264K)
 Metaspace       used 162449K, committed 163840K, reserved 1245184K
  class space    used 21501K, committed 22144K, reserved 1048576K
}
Event: 8749.423 GC heap before
{Heap before GC invocations=76 (full 0):
 garbage-first heap   total 480256K, used 397312K [0x0000000080000000, 0x0000000100000000)
  region size 1024K, 134 young (137216K), 11 survivors (11264K)
 Metaspace       used 163474K, committed 164800K, reserved 1245184K
  class space    used 21519K, committed 22144K, reserved 1048576K
}
Event: 8749.427 GC heap after
{Heap after GC invocations=77 (full 0):
 garbage-first heap   total 480256K, used 260515K [0x0000000080000000, 0x0000000100000000)
  region size 1024K, 2 young (2048K), 2 survivors (2048K)
 Metaspace       used 163474K, committed 164800K, reserved 1245184K
  class space    used 21519K, committed 22144K, reserved 1048576K
}

