# JRE version: OpenJDK Runtime Environment (17.0.11) (build 17.0.11+0--11852314)
# Java VM: OpenJDK 64-Bit Server VM (17.0.11+0--11852314, mixed mode, tiered, compressed oops, compressed class ptrs, g1 gc, windows-amd64)
GC Precious Log:
 CPUs: 4 total, 4 available
 Memory: 8077M
 Large Page Support: Disabled
 NUMA Support: Disabled
 Compressed Oops: Enabled (32-bit)
 Heap Region Size: 1M
 Heap Min Capacity: 8M
 Heap Initial Capacity: 128M
 Heap Max Capacity: 2G
 Pre-touch: Disabled
 Parallel Workers: 4
 Concurrent Workers: 1
 Concurrent Refinement Workers: 4
 Periodic GC: Disabled
Heap:
 garbage-first heap   total 167936K, used 98178K [0x0000000080000000, 0x0000000100000000)
  region size 1024K, 2 young (2048K), 2 survivors (2048K)
 Metaspace       used 71124K, committed 71808K, reserved 1114112K
  class space    used 9611K, committed 9920K, reserved 1048576K
GC Heap History (20 events):
Event: 15.019 GC heap after
{Heap after GC invocations=27 (full 0):
 garbage-first heap   total 124928K, used 71138K [0x0000000080000000, 0x0000000100000000)
  region size 1024K, 4 young (4096K), 4 survivors (4096K)
 Metaspace       used 54495K, committed 54976K, reserved 1114112K
  class space    used 7300K, committed 7488K, reserved 1048576K
}
Event: 15.635 GC heap before
{Heap before GC invocations=28 (full 0):
 garbage-first heap   total 128000K, used 94690K [0x0000000080000000, 0x0000000100000000)
  region size 1024K, 27 young (27648K), 4 survivors (4096K)
 Metaspace       used 57248K, committed 57792K, reserved 1114112K
  class space    used 7757K, committed 8000K, reserved 1048576K
}
Event: 15.644 GC heap after
{Heap after GC invocations=29 (full 0):
 garbage-first heap   total 128000K, used 73128K [0x0000000080000000, 0x0000000100000000)
  region size 1024K, 3 young (3072K), 3 survivors (3072K)
 Metaspace       used 57248K, committed 57792K, reserved 1114112K
  class space    used 7757K, committed 8000K, reserved 1048576K
}
Event: 16.259 GC heap before
{Heap before GC invocations=29 (full 0):
 garbage-first heap   total 128000K, used 97704K [0x0000000080000000, 0x0000000100000000)
  region size 1024K, 28 young (28672K), 3 survivors (3072K)
 Metaspace       used 59593K, committed 60224K, reserved 1114112K
  class space    used 8151K, committed 8448K, reserved 1048576K
}
Event: 16.265 GC heap after
{Heap after GC invocations=30 (full 0):
 garbage-first heap   total 128000K, used 74429K [0x0000000080000000, 0x0000000100000000)
  region size 1024K, 4 young (4096K), 4 survivors (4096K)
 Metaspace       used 59593K, committed 60224K, reserved 1114112K
  class space    used 8151K, committed 8448K, reserved 1048576K
}
Event: 17.087 GC heap before
{Heap before GC invocations=31 (full 0):
 garbage-first heap   total 130048K, used 100029K [0x0000000080000000, 0x0000000100000000)
  region size 1024K, 30 young (30720K), 4 survivors (4096K)
 Metaspace       used 60989K, committed 61632K, reserved 1114112K
  class space    used 8319K, committed 8576K, reserved 1048576K
}
Event: 17.098 GC heap after
{Heap after GC invocations=32 (full 0):
 garbage-first heap   total 156672K, used 78473K [0x0000000080000000, 0x0000000100000000)
  region size 1024K, 4 young (4096K), 4 survivors (4096K)
 Metaspace       used 60989K, committed 61632K, reserved 1114112K
  class space    used 8319K, committed 8576K, reserved 1048576K
}
Event: 17.572 GC heap before
{Heap before GC invocations=32 (full 0):
 garbage-first heap   total 156672K, used 104073K [0x0000000080000000, 0x0000000100000000)
  region size 1024K, 31 young (31744K), 4 survivors (4096K)
 Metaspace       used 61320K, committed 62016K, reserved 1114112K
  class space    used 8331K, committed 8640K, reserved 1048576K
}
Event: 17.582 GC heap after
{Heap after GC invocations=33 (full 0):
 garbage-first heap   total 156672K, used 81314K [0x0000000080000000, 0x0000000100000000)
  region size 1024K, 6 young (6144K), 6 survivors (6144K)
 Metaspace       used 61320K, committed 62016K, reserved 1114112K
  class space    used 8331K, committed 8640K, reserved 1048576K
}
Event: 18.290 GC heap before
{Heap before GC invocations=34 (full 0):
 garbage-first heap   total 156672K, used 127394K [0x0000000080000000, 0x0000000100000000)
  region size 1024K, 45 young (46080K), 6 survivors (6144K)
 Metaspace       used 63746K, committed 64448K, reserved 1114112K
  class space    used 8657K, committed 8960K, reserved 1048576K
}
Event: 18.299 GC heap after
{Heap after GC invocations=35 (full 0):
 garbage-first heap   total 156672K, used 93119K [0x0000000080000000, 0x0000000100000000)
  region size 1024K, 6 young (6144K), 6 survivors (6144K)
 Metaspace       used 63746K, committed 64448K, reserved 1114112K
  class space    used 8657K, committed 8960K, reserved 1048576K
}
Event: 18.309 GC heap before
{Heap before GC invocations=35 (full 0):
 garbage-first heap   total 156672K, used 94143K [0x0000000080000000, 0x0000000100000000)
  region size 1024K, 7 young (7168K), 6 survivors (6144K)
 Metaspace       used 63835K, committed 64512K, reserved 1114112K
  class space    used 8666K, committed 8960K, reserved 1048576K
}
Event: 18.313 GC heap after
{Heap after GC invocations=36 (full 0):
 garbage-first heap   total 156672K, used 93343K [0x0000000080000000, 0x0000000100000000)
  region size 1024K, 1 young (1024K), 1 survivors (1024K)
 Metaspace       used 63835K, committed 64512K, reserved 1114112K
  class space    used 8666K, committed 8960K, reserved 1048576K
}
Event: 18.738 GC heap before
{Heap before GC invocations=36 (full 0):
 garbage-first heap   total 156672K, used 126111K [0x0000000080000000, 0x0000000100000000)
  region size 1024K, 33 young (33792K), 1 survivors (1024K)
 Metaspace       used 66954K, committed 67648K, reserved 1114112K
  class space    used 9037K, committed 9344K, reserved 1048576K
}
Event: 18.741 GC heap after
{Heap after GC invocations=37 (full 0):
 garbage-first heap   total 156672K, used 93482K [0x0000000080000000, 0x0000000100000000)
  region size 1024K, 1 young (1024K), 1 survivors (1024K)
 Metaspace       used 66954K, committed 67648K, reserved 1114112K
  class space    used 9037K, committed 9344K, reserved 1048576K
}
Event: 19.619 GC heap before
{Heap before GC invocations=38 (full 0):
 garbage-first heap   total 167936K, used 127274K [0x0000000080000000, 0x0000000100000000)
  region size 1024K, 34 young (34816K), 1 survivors (1024K)
 Metaspace       used 71124K, committed 71808K, reserved 1114112K
  class space    used 9611K, committed 9920K, reserved 1048576K
}
Event: 19.624 GC heap after
{Heap after GC invocations=39 (full 0):
 garbage-first heap   total 167936K, used 95688K [0x0000000080000000, 0x0000000100000000)
  region size 1024K, 4 young (4096K), 4 survivors (4096K)
 Metaspace       used 71124K, committed 71808K, reserved 1114112K
  class space    used 9611K, committed 9920K, reserved 1048576K
}
Event: 19.632 GC heap before
{Heap before GC invocations=39 (full 0):
 garbage-first heap   total 167936K, used 100808K [0x0000000080000000, 0x0000000100000000)
  region size 1024K, 8 young (8192K), 4 survivors (4096K)
 Metaspace       used 71124K, committed 71808K, reserved 1114112K
  class space    used 9611K, committed 9920K, reserved 1048576K
}
Event: 19.639 GC heap after
{Heap after GC invocations=40 (full 0):
 garbage-first heap   total 167936K, used 97803K [0x0000000080000000, 0x0000000100000000)
  region size 1024K, 1 young (1024K), 1 survivors (1024K)
 Metaspace       used 71124K, committed 71808K, reserved 1114112K
  class space    used 9611K, committed 9920K, reserved 1048576K
}
Event: 19.641 GC heap before
{Heap before GC invocations=40 (full 0):
 garbage-first heap   total 167936K, used 97803K [0x0000000080000000, 0x0000000100000000)
  region size 1024K, 2 young (2048K), 1 survivors (1024K)
 Metaspace       used 71124K, committed 71808K, reserved 1114112K
  class space    used 9611K, committed 9920K, reserved 1048576K
}

