# JRE version: OpenJDK Runtime Environment (17.0.11) (build 17.0.11+0--11852314)
# Java VM: OpenJDK 64-Bit Server VM (17.0.11+0--11852314, mixed mode, tiered, compressed oops, compressed class ptrs, g1 gc, windows-amd64)
GC Precious Log:
 CPUs: 4 total, 4 available
 Memory: 8077M
 Large Page Support: Disabled
 NUMA Support: Disabled
 Compressed Oops: Enabled (32-bit)
 Heap Region Size: 1M
 Heap Min Capacity: 8M
 Heap Initial Capacity: 128M
 Heap Max Capacity: 2G
 Pre-touch: Disabled
 Parallel Workers: 4
 Concurrent Workers: 1
 Concurrent Refinement Workers: 4
 Periodic GC: Disabled
Heap:
 garbage-first heap   total 168960K, used 104095K [0x0000000080000000, 0x0000000100000000)
  region size 1024K, 10 young (10240K), 1 survivors (1024K)
 Metaspace       used 74648K, committed 75328K, reserved 1114112K
  class space    used 10000K, committed 10304K, reserved 1048576K
GC Heap History (20 events):
Event: 16.114 GC heap before
{Heap before GC invocations=26 (full 0):
 garbage-first heap   total 126976K, used 96168K [0x0000000080000000, 0x0000000100000000)
  region size 1024K, 25 young (25600K), 2 survivors (2048K)
 Metaspace       used 58305K, committed 58944K, reserved 1114112K
  class space    used 7968K, committed 8256K, reserved 1048576K
}
Event: 16.119 GC heap after
{Heap after GC invocations=27 (full 0):
 garbage-first heap   total 126976K, used 74101K [0x0000000080000000, 0x0000000100000000)
  region size 1024K, 3 young (3072K), 3 survivors (3072K)
 Metaspace       used 58305K, committed 58944K, reserved 1114112K
  class space    used 7968K, committed 8256K, reserved 1048576K
}
Event: 17.052 GC heap before
{Heap before GC invocations=28 (full 0):
 garbage-first heap   total 130048K, used 98677K [0x0000000080000000, 0x0000000100000000)
  region size 1024K, 27 young (27648K), 3 survivors (3072K)
 Metaspace       used 62064K, committed 62720K, reserved 1114112K
  class space    used 8438K, committed 8704K, reserved 1048576K
}
Event: 17.059 GC heap after
{Heap after GC invocations=29 (full 0):
 garbage-first heap   total 130048K, used 76300K [0x0000000080000000, 0x0000000100000000)
  region size 1024K, 4 young (4096K), 4 survivors (4096K)
 Metaspace       used 62064K, committed 62720K, reserved 1114112K
  class space    used 8438K, committed 8704K, reserved 1048576K
}
Event: 19.389 GC heap before
{Heap before GC invocations=29 (full 0):
 garbage-first heap   total 130048K, used 101900K [0x0000000080000000, 0x0000000100000000)
  region size 1024K, 30 young (30720K), 4 survivors (4096K)
 Metaspace       used 66775K, committed 67392K, reserved 1114112K
  class space    used 9049K, committed 9344K, reserved 1048576K
}
Event: 19.399 GC heap after
{Heap after GC invocations=30 (full 0):
 garbage-first heap   total 130048K, used 79801K [0x0000000080000000, 0x0000000100000000)
  region size 1024K, 4 young (4096K), 4 survivors (4096K)
 Metaspace       used 66775K, committed 67392K, reserved 1114112K
  class space    used 9049K, committed 9344K, reserved 1048576K
}
Event: 20.439 GC heap before
{Heap before GC invocations=31 (full 0):
 garbage-first heap   total 138240K, used 102329K [0x0000000080000000, 0x0000000100000000)
  region size 1024K, 27 young (27648K), 4 survivors (4096K)
 Metaspace       used 67231K, committed 67840K, reserved 1114112K
  class space    used 9077K, committed 9344K, reserved 1048576K
}
Event: 20.448 GC heap after
{Heap after GC invocations=32 (full 0):
 garbage-first heap   total 138240K, used 83274K [0x0000000080000000, 0x0000000100000000)
  region size 1024K, 4 young (4096K), 4 survivors (4096K)
 Metaspace       used 67231K, committed 67840K, reserved 1114112K
  class space    used 9077K, committed 9344K, reserved 1048576K
}
Event: 21.229 GC heap before
{Heap before GC invocations=32 (full 0):
 garbage-first heap   total 138240K, used 98634K [0x0000000080000000, 0x0000000100000000)
  region size 1024K, 21 young (21504K), 4 survivors (4096K)
 Metaspace       used 67445K, committed 68160K, reserved 1114112K
  class space    used 9089K, committed 9408K, reserved 1048576K
}
Event: 21.235 GC heap after
{Heap after GC invocations=33 (full 0):
 garbage-first heap   total 138240K, used 84138K [0x0000000080000000, 0x0000000100000000)
  region size 1024K, 4 young (4096K), 4 survivors (4096K)
 Metaspace       used 67445K, committed 68160K, reserved 1114112K
  class space    used 9089K, committed 9408K, reserved 1048576K
}
Event: 32.784 GC heap before
{Heap before GC invocations=34 (full 0):
 garbage-first heap   total 145408K, used 116906K [0x0000000080000000, 0x0000000100000000)
  region size 1024K, 30 young (30720K), 4 survivors (4096K)
 Metaspace       used 68812K, committed 69504K, reserved 1114112K
  class space    used 9273K, committed 9600K, reserved 1048576K
}
Event: 32.790 GC heap after
{Heap after GC invocations=35 (full 0):
 garbage-first heap   total 145408K, used 96491K [0x0000000080000000, 0x0000000100000000)
  region size 1024K, 4 young (4096K), 4 survivors (4096K)
 Metaspace       used 68812K, committed 69504K, reserved 1114112K
  class space    used 9273K, committed 9600K, reserved 1048576K
}
Event: 32.932 GC heap before
{Heap before GC invocations=35 (full 0):
 garbage-first heap   total 145408K, used 98539K [0x0000000080000000, 0x0000000100000000)
  region size 1024K, 7 young (7168K), 4 survivors (4096K)
 Metaspace       used 69041K, committed 69696K, reserved 1114112K
  class space    used 9309K, committed 9600K, reserved 1048576K
}
Event: 32.936 GC heap after
{Heap after GC invocations=36 (full 0):
 garbage-first heap   total 145408K, used 95728K [0x0000000080000000, 0x0000000100000000)
  region size 1024K, 1 young (1024K), 1 survivors (1024K)
 Metaspace       used 69041K, committed 69696K, reserved 1114112K
  class space    used 9309K, committed 9600K, reserved 1048576K
}
Event: 33.517 GC heap before
{Heap before GC invocations=36 (full 0):
 garbage-first heap   total 145408K, used 116208K [0x0000000080000000, 0x0000000100000000)
  region size 1024K, 22 young (22528K), 1 survivors (1024K)
 Metaspace       used 70763K, committed 71488K, reserved 1114112K
  class space    used 9542K, committed 9856K, reserved 1048576K
}
Event: 33.519 GC heap after
{Heap after GC invocations=37 (full 0):
 garbage-first heap   total 145408K, used 96007K [0x0000000080000000, 0x0000000100000000)
  region size 1024K, 1 young (1024K), 1 survivors (1024K)
 Metaspace       used 70763K, committed 71488K, reserved 1114112K
  class space    used 9542K, committed 9856K, reserved 1048576K
}
Event: 34.315 GC heap before
{Heap before GC invocations=38 (full 0):
 garbage-first heap   total 168960K, used 118535K [0x0000000080000000, 0x0000000100000000)
  region size 1024K, 23 young (23552K), 1 survivors (1024K)
 Metaspace       used 73055K, committed 73728K, reserved 1114112K
  class space    used 9796K, committed 10112K, reserved 1048576K
}
Event: 34.318 GC heap after
{Heap after GC invocations=39 (full 0):
 garbage-first heap   total 168960K, used 96493K [0x0000000080000000, 0x0000000100000000)
  region size 1024K, 2 young (2048K), 2 survivors (2048K)
 Metaspace       used 73055K, committed 73728K, reserved 1114112K
  class space    used 9796K, committed 10112K, reserved 1048576K
}
Event: 34.689 GC heap before
{Heap before GC invocations=39 (full 0):
 garbage-first heap   total 168960K, used 101613K [0x0000000080000000, 0x0000000100000000)
  region size 1024K, 8 young (8192K), 2 survivors (2048K)
 Metaspace       used 73885K, committed 74560K, reserved 1114112K
  class space    used 9892K, committed 10176K, reserved 1048576K
}
Event: 34.692 GC heap after
{Heap after GC invocations=40 (full 0):
 garbage-first heap   total 168960K, used 95903K [0x0000000080000000, 0x0000000100000000)
  region size 1024K, 1 young (1024K), 1 survivors (1024K)
 Metaspace       used 73885K, committed 74560K, reserved 1114112K
  class space    used 9892K, committed 10176K, reserved 1048576K
}

