# JRE version: OpenJDK Runtime Environment (17.0.11) (build 17.0.11+0--11852314)
# Java VM: OpenJDK 64-Bit Server VM (17.0.11+0--11852314, mixed mode, tiered, compressed oops, compressed class ptrs, g1 gc, windows-amd64)
GC Precious Log:
 CPUs: 4 total, 4 available
 Memory: 8077M
 Large Page Support: Disabled
 NUMA Support: Disabled
 Compressed Oops: Enabled (32-bit)
 Heap Region Size: 1M
 Heap Min Capacity: 8M
 Heap Initial Capacity: 128M
 Heap Max Capacity: 2G
 Pre-touch: Disabled
 Parallel Workers: 4
 Concurrent Workers: 1
 Concurrent Refinement Workers: 4
 Periodic GC: Disabled
Heap:
 garbage-first heap   total 192512K, used 100862K [0x0000000080000000, 0x0000000100000000)
  region size 1024K, 1 young (1024K), 1 survivors (1024K)
 Metaspace       used 99580K, committed 100352K, reserved 1179648K
  class space    used 13650K, committed 14016K, reserved 1048576K
GC Heap History (20 events):
Event: 17.354 GC heap after
{Heap after GC invocations=28 (full 0):
 garbage-first heap   total 192512K, used 62346K [0x0000000080000000, 0x0000000100000000)
  region size 1024K, 6 young (6144K), 6 survivors (6144K)
 Metaspace       used 68387K, committed 68992K, reserved 1114112K
  class space    used 9185K, committed 9472K, reserved 1048576K
}
Event: 19.339 GC heap before
{Heap before GC invocations=28 (full 0):
 garbage-first heap   total 192512K, used 147338K [0x0000000080000000, 0x0000000100000000)
  region size 1024K, 89 young (91136K), 6 survivors (6144K)
 Metaspace       used 72643K, committed 73280K, reserved 1114112K
  class space    used 9761K, committed 10048K, reserved 1048576K
}
Event: 19.352 GC heap after
{Heap after GC invocations=29 (full 0):
 garbage-first heap   total 192512K, used 67554K [0x0000000080000000, 0x0000000100000000)
  region size 1024K, 11 young (11264K), 11 survivors (11264K)
 Metaspace       used 72643K, committed 73280K, reserved 1114112K
  class space    used 9761K, committed 10048K, reserved 1048576K
}
Event: 20.844 GC heap before
{Heap before GC invocations=29 (full 0):
 garbage-first heap   total 192512K, used 150498K [0x0000000080000000, 0x0000000100000000)
  region size 1024K, 91 young (93184K), 11 survivors (11264K)
 Metaspace       used 77961K, committed 78528K, reserved 1179648K
  class space    used 10644K, committed 10944K, reserved 1048576K
}
Event: 20.859 GC heap after
{Heap after GC invocations=30 (full 0):
 garbage-first heap   total 192512K, used 71020K [0x0000000080000000, 0x0000000100000000)
  region size 1024K, 9 young (9216K), 9 survivors (9216K)
 Metaspace       used 77961K, committed 78528K, reserved 1179648K
  class space    used 10644K, committed 10944K, reserved 1048576K
}
Event: 22.571 GC heap before
{Heap before GC invocations=30 (full 0):
 garbage-first heap   total 192512K, used 151916K [0x0000000080000000, 0x0000000100000000)
  region size 1024K, 88 young (90112K), 9 survivors (9216K)
 Metaspace       used 84033K, committed 84608K, reserved 1179648K
  class space    used 11564K, committed 11840K, reserved 1048576K
}
Event: 22.587 GC heap after
{Heap after GC invocations=31 (full 0):
 garbage-first heap   total 192512K, used 75362K [0x0000000080000000, 0x0000000100000000)
  region size 1024K, 8 young (8192K), 8 survivors (8192K)
 Metaspace       used 84033K, committed 84608K, reserved 1179648K
  class space    used 11564K, committed 11840K, reserved 1048576K
}
Event: 24.707 GC heap before
{Heap before GC invocations=31 (full 0):
 garbage-first heap   total 192512K, used 154210K [0x0000000080000000, 0x0000000100000000)
  region size 1024K, 86 young (88064K), 8 survivors (8192K)
 Metaspace       used 90918K, committed 91584K, reserved 1179648K
  class space    used 12641K, committed 12928K, reserved 1048576K
}
Event: 24.725 GC heap after
{Heap after GC invocations=32 (full 0):
 garbage-first heap   total 192512K, used 80497K [0x0000000080000000, 0x0000000100000000)
  region size 1024K, 10 young (10240K), 10 survivors (10240K)
 Metaspace       used 90918K, committed 91584K, reserved 1179648K
  class space    used 12641K, committed 12928K, reserved 1048576K
}
Event: 26.054 GC heap before
{Heap before GC invocations=32 (full 0):
 garbage-first heap   total 192512K, used 154225K [0x0000000080000000, 0x0000000100000000)
  region size 1024K, 83 young (84992K), 10 survivors (10240K)
 Metaspace       used 91727K, committed 92352K, reserved 1179648K
  class space    used 12702K, committed 12992K, reserved 1048576K
}
Event: 26.075 GC heap after
{Heap after GC invocations=33 (full 0):
 garbage-first heap   total 192512K, used 86491K [0x0000000080000000, 0x0000000100000000)
  region size 1024K, 11 young (11264K), 11 survivors (11264K)
 Metaspace       used 91727K, committed 92352K, reserved 1179648K
  class space    used 12702K, committed 12992K, reserved 1048576K
}
Event: 27.513 GC heap before
{Heap before GC invocations=33 (full 0):
 garbage-first heap   total 192512K, used 155099K [0x0000000080000000, 0x0000000100000000)
  region size 1024K, 79 young (80896K), 11 survivors (11264K)
 Metaspace       used 92177K, committed 92864K, reserved 1179648K
  class space    used 12737K, committed 13056K, reserved 1048576K
}
Event: 27.532 GC heap after
{Heap after GC invocations=34 (full 0):
 garbage-first heap   total 192512K, used 89364K [0x0000000080000000, 0x0000000100000000)
  region size 1024K, 6 young (6144K), 6 survivors (6144K)
 Metaspace       used 92177K, committed 92864K, reserved 1179648K
  class space    used 12737K, committed 13056K, reserved 1048576K
}
Event: 28.188 GC heap before
{Heap before GC invocations=34 (full 0):
 garbage-first heap   total 192512K, used 154900K [0x0000000080000000, 0x0000000100000000)
  region size 1024K, 71 young (72704K), 6 survivors (6144K)
 Metaspace       used 92317K, committed 92992K, reserved 1179648K
  class space    used 12752K, committed 13056K, reserved 1048576K
}
Event: 28.198 GC heap after
{Heap after GC invocations=35 (full 0):
 garbage-first heap   total 192512K, used 91843K [0x0000000080000000, 0x0000000100000000)
  region size 1024K, 5 young (5120K), 5 survivors (5120K)
 Metaspace       used 92317K, committed 92992K, reserved 1179648K
  class space    used 12752K, committed 13056K, reserved 1048576K
}
Event: 28.926 GC heap before
{Heap before GC invocations=35 (full 0):
 garbage-first heap   total 192512K, used 138947K [0x0000000080000000, 0x0000000100000000)
  region size 1024K, 53 young (54272K), 5 survivors (5120K)
 Metaspace       used 92858K, committed 93504K, reserved 1179648K
  class space    used 12837K, committed 13120K, reserved 1048576K
}
Event: 28.948 GC heap after
{Heap after GC invocations=36 (full 0):
 garbage-first heap   total 192512K, used 94482K [0x0000000080000000, 0x0000000100000000)
  region size 1024K, 8 young (8192K), 8 survivors (8192K)
 Metaspace       used 92858K, committed 93504K, reserved 1179648K
  class space    used 12837K, committed 13120K, reserved 1048576K
}
Event: 30.466 GC heap before
{Heap before GC invocations=37 (full 0):
 garbage-first heap   total 192512K, used 161042K [0x0000000080000000, 0x0000000100000000)
  region size 1024K, 69 young (70656K), 8 survivors (8192K)
 Metaspace       used 99255K, committed 100032K, reserved 1179648K
  class space    used 13615K, committed 13952K, reserved 1048576K
}
Event: 30.491 GC heap after
{Heap after GC invocations=38 (full 0):
 garbage-first heap   total 192512K, used 101147K [0x0000000080000000, 0x0000000100000000)
  region size 1024K, 8 young (8192K), 8 survivors (8192K)
 Metaspace       used 99255K, committed 100032K, reserved 1179648K
  class space    used 13615K, committed 13952K, reserved 1048576K
}
Event: 30.532 GC heap before
{Heap before GC invocations=38 (full 0):
 garbage-first heap   total 192512K, used 102171K [0x0000000080000000, 0x0000000100000000)
  region size 1024K, 9 young (9216K), 8 survivors (8192K)
 Metaspace       used 99580K, committed 100352K, reserved 1179648K
  class space    used 13650K, committed 14016K, reserved 1048576K
}

