# JRE version: OpenJDK Runtime Environment (17.0.11) (build 17.0.11+0--11852314)
# Java VM: OpenJDK 64-Bit Server VM (17.0.11+0--11852314, mixed mode, tiered, compressed oops, compressed class ptrs, g1 gc, windows-amd64)
GC Precious Log:
 CPUs: 4 total, 4 available
 Memory: 8077M
 Large Page Support: Disabled
 NUMA Support: Disabled
 Compressed Oops: Enabled (32-bit)
 Heap Region Size: 1M
 Heap Min Capacity: 8M
 Heap Initial Capacity: 128M
 Heap Max Capacity: 2G
 Pre-touch: Disabled
 Parallel Workers: 4
 Concurrent Workers: 1
 Concurrent Refinement Workers: 4
 Periodic GC: Disabled
Heap:
 garbage-first heap   total 384000K, used 159470K [0x0000000080000000, 0x0000000100000000)
  region size 1024K, 1 young (1024K), 1 survivors (1024K)
 Metaspace       used 140992K, committed 142144K, reserved 1179648K
  class space    used 18806K, committed 19328K, reserved 1048576K
GC Heap History (20 events):
Event: 387.310 GC heap after
{Heap after GC invocations=66 (full 0):
 garbage-first heap   total 374784K, used 267776K [0x0000000080000000, 0x0000000100000000)
  region size 1024K, 6 young (6144K), 6 survivors (6144K)
 Metaspace       used 140751K, committed 141824K, reserved 1179648K
  class space    used 18816K, committed 19328K, reserved 1048576K
}
Event: 686.579 GC heap before
{Heap before GC invocations=66 (full 0):
 garbage-first heap   total 374784K, used 343552K [0x0000000080000000, 0x0000000100000000)
  region size 1024K, 44 young (45056K), 6 survivors (6144K)
 Metaspace       used 140891K, committed 141952K, reserved 1179648K
  class space    used 18830K, committed 19328K, reserved 1048576K
}
Event: 686.587 GC heap after
{Heap after GC invocations=67 (full 0):
 garbage-first heap   total 374784K, used 264858K [0x0000000080000000, 0x0000000100000000)
  region size 1024K, 1 young (1024K), 1 survivors (1024K)
 Metaspace       used 140891K, committed 141952K, reserved 1179648K
  class space    used 18830K, committed 19328K, reserved 1048576K
}
Event: 1052.158 GC heap before
{Heap before GC invocations=67 (full 0):
 garbage-first heap   total 374784K, used 308890K [0x0000000080000000, 0x0000000100000000)
  region size 1024K, 45 young (46080K), 1 survivors (1024K)
 Metaspace       used 141070K, committed 142144K, reserved 1179648K
  class space    used 18830K, committed 19328K, reserved 1048576K
}
Event: 1052.171 GC heap after
{Heap after GC invocations=68 (full 0):
 garbage-first heap   total 374784K, used 270947K [0x0000000080000000, 0x0000000100000000)
  region size 1024K, 6 young (6144K), 6 survivors (6144K)
 Metaspace       used 141070K, committed 142144K, reserved 1179648K
  class space    used 18830K, committed 19328K, reserved 1048576K
}
Event: 1052.742 GC heap before
{Heap before GC invocations=68 (full 0):
 garbage-first heap   total 374784K, used 314979K [0x0000000080000000, 0x0000000100000000)
  region size 1024K, 47 young (48128K), 6 survivors (6144K)
 Metaspace       used 141116K, committed 142208K, reserved 1179648K
  class space    used 18830K, committed 19328K, reserved 1048576K
}
Event: 1052.771 GC heap after
{Heap after GC invocations=69 (full 0):
 garbage-first heap   total 374784K, used 291591K [0x0000000080000000, 0x0000000100000000)
  region size 1024K, 6 young (6144K), 6 survivors (6144K)
 Metaspace       used 141116K, committed 142208K, reserved 1179648K
  class space    used 18830K, committed 19328K, reserved 1048576K
}
Event: 1053.004 GC heap before
{Heap before GC invocations=69 (full 0):
 garbage-first heap   total 374784K, used 327431K [0x0000000080000000, 0x0000000100000000)
  region size 1024K, 27 young (27648K), 6 survivors (6144K)
 Metaspace       used 141151K, committed 142208K, reserved 1179648K
  class space    used 18830K, committed 19328K, reserved 1048576K
}
Event: 1053.026 GC heap after
{Heap after GC invocations=70 (full 0):
 garbage-first heap   total 374784K, used 309760K [0x0000000080000000, 0x0000000100000000)
  region size 1024K, 4 young (4096K), 4 survivors (4096K)
 Metaspace       used 141151K, committed 142208K, reserved 1179648K
  class space    used 18830K, committed 19328K, reserved 1048576K
}
Event: 1053.031 GC heap before
{Heap before GC invocations=70 (full 0):
 garbage-first heap   total 374784K, used 317952K [0x0000000080000000, 0x0000000100000000)
  region size 1024K, 5 young (5120K), 4 survivors (4096K)
 Metaspace       used 141151K, committed 142208K, reserved 1179648K
  class space    used 18830K, committed 19328K, reserved 1048576K
}
Event: 1053.055 GC heap after
{Heap after GC invocations=71 (full 0):
 garbage-first heap   total 374784K, used 308620K [0x0000000080000000, 0x0000000100000000)
  region size 1024K, 1 young (1024K), 1 survivors (1024K)
 Metaspace       used 141151K, committed 142208K, reserved 1179648K
  class space    used 18830K, committed 19328K, reserved 1048576K
}
Event: 1053.540 GC heap before
{Heap before GC invocations=71 (full 0):
 garbage-first heap   total 374784K, used 330124K [0x0000000080000000, 0x0000000100000000)
  region size 1024K, 18 young (18432K), 1 survivors (1024K)
 Metaspace       used 141207K, committed 142272K, reserved 1179648K
  class space    used 18832K, committed 19328K, reserved 1048576K
}
Event: 1053.544 GC heap after
{Heap after GC invocations=72 (full 0):
 garbage-first heap   total 374784K, used 303909K [0x0000000080000000, 0x0000000100000000)
  region size 1024K, 2 young (2048K), 2 survivors (2048K)
 Metaspace       used 141207K, committed 142272K, reserved 1179648K
  class space    used 18832K, committed 19328K, reserved 1048576K
}
Event: 1054.065 GC heap before
{Heap before GC invocations=72 (full 0):
 garbage-first heap   total 374784K, used 321317K [0x0000000080000000, 0x0000000100000000)
  region size 1024K, 19 young (19456K), 2 survivors (2048K)
 Metaspace       used 141242K, committed 142272K, reserved 1179648K
  class space    used 18832K, committed 19328K, reserved 1048576K
}
Event: 1054.072 GC heap after
{Heap after GC invocations=73 (full 0):
 garbage-first heap   total 374784K, used 305442K [0x0000000080000000, 0x0000000100000000)
  region size 1024K, 3 young (3072K), 3 survivors (3072K)
 Metaspace       used 141242K, committed 142272K, reserved 1179648K
  class space    used 18832K, committed 19328K, reserved 1048576K
}
Event: 1057.454 GC heap before
{Heap before GC invocations=74 (full 0):
 garbage-first heap   total 384000K, used 245538K [0x0000000080000000, 0x0000000100000000)
  region size 1024K, 20 young (20480K), 3 survivors (3072K)
 Metaspace       used 140977K, committed 142144K, reserved 1179648K
  class space    used 18806K, committed 19328K, reserved 1048576K
}
Event: 1057.465 GC heap after
{Heap after GC invocations=75 (full 0):
 garbage-first heap   total 384000K, used 232640K [0x0000000080000000, 0x0000000100000000)
  region size 1024K, 3 young (3072K), 3 survivors (3072K)
 Metaspace       used 140977K, committed 142144K, reserved 1179648K
  class space    used 18806K, committed 19328K, reserved 1048576K
}
Event: 1057.515 GC heap before
{Heap before GC invocations=75 (full 0):
 garbage-first heap   total 384000K, used 246976K [0x0000000080000000, 0x0000000100000000)
  region size 1024K, 18 young (18432K), 3 survivors (3072K)
 Metaspace       used 140985K, committed 142144K, reserved 1179648K
  class space    used 18806K, committed 19328K, reserved 1048576K
}
Event: 1057.526 GC heap after
{Heap after GC invocations=76 (full 0):
 garbage-first heap   total 384000K, used 196831K [0x0000000080000000, 0x0000000100000000)
  region size 1024K, 3 young (3072K), 3 survivors (3072K)
 Metaspace       used 140985K, committed 142144K, reserved 1179648K
  class space    used 18806K, committed 19328K, reserved 1048576K
}
Event: 1057.683 GC heap before
{Heap before GC invocations=76 (full 0):
 garbage-first heap   total 384000K, used 211167K [0x0000000080000000, 0x0000000100000000)
  region size 1024K, 18 young (18432K), 3 survivors (3072K)
 Metaspace       used 140992K, committed 142144K, reserved 1179648K
  class space    used 18806K, committed 19328K, reserved 1048576K
}

