# JRE version: OpenJDK Runtime Environment (17.0.11) (build 17.0.11+0--11852314)
# Java VM: OpenJDK 64-Bit Server VM (17.0.11+0--11852314, mixed mode, tiered, compressed oops, compressed class ptrs, g1 gc, windows-amd64)
GC Precious Log:
 CPUs: 4 total, 4 available
 Memory: 8077M
 Large Page Support: Disabled
 NUMA Support: Disabled
 Compressed Oops: Enabled (32-bit)
 Heap Region Size: 1M
 Heap Min Capacity: 8M
 Heap Initial Capacity: 128M
 Heap Max Capacity: 2G
 Pre-touch: Disabled
 Parallel Workers: 4
 Concurrent Workers: 1
 Concurrent Refinement Workers: 4
 Periodic GC: Disabled
Heap:
 garbage-first heap   total 155648K, used 84641K [0x0000000080000000, 0x0000000100000000)
  region size 1024K, 1 young (1024K), 1 survivors (1024K)
 Metaspace       used 91661K, committed 92352K, reserved 1179648K
  class space    used 12691K, committed 12992K, reserved 1048576K
GC Heap History (20 events):
Event: 13.986 GC heap after
{Heap after GC invocations=26 (full 0):
 garbage-first heap   total 153600K, used 64275K [0x0000000080000000, 0x0000000100000000)
  region size 1024K, 1 young (1024K), 1 survivors (1024K)
 Metaspace       used 69748K, committed 70272K, reserved 1114112K
  class space    used 9360K, committed 9600K, reserved 1048576K
}
Event: 14.882 GC heap before
{Heap before GC invocations=26 (full 0):
 garbage-first heap   total 153600K, used 113427K [0x0000000080000000, 0x0000000100000000)
  region size 1024K, 49 young (50176K), 1 survivors (1024K)
 Metaspace       used 72564K, committed 73088K, reserved 1114112K
  class space    used 9750K, committed 9984K, reserved 1048576K
}
Event: 14.888 GC heap after
{Heap after GC invocations=27 (full 0):
 garbage-first heap   total 153600K, used 66726K [0x0000000080000000, 0x0000000100000000)
  region size 1024K, 4 young (4096K), 4 survivors (4096K)
 Metaspace       used 72564K, committed 73088K, reserved 1114112K
  class space    used 9750K, committed 9984K, reserved 1048576K
}
Event: 15.553 GC heap before
{Heap before GC invocations=27 (full 0):
 garbage-first heap   total 153600K, used 115878K [0x0000000080000000, 0x0000000100000000)
  region size 1024K, 52 young (53248K), 4 survivors (4096K)
 Metaspace       used 74315K, committed 74880K, reserved 1114112K
  class space    used 9989K, committed 10240K, reserved 1048576K
}
Event: 15.561 GC heap after
{Heap after GC invocations=28 (full 0):
 garbage-first heap   total 153600K, used 69482K [0x0000000080000000, 0x0000000100000000)
  region size 1024K, 6 young (6144K), 6 survivors (6144K)
 Metaspace       used 74315K, committed 74880K, reserved 1114112K
  class space    used 9989K, committed 10240K, reserved 1048576K
}
Event: 16.438 GC heap before
{Heap before GC invocations=28 (full 0):
 garbage-first heap   total 153600K, used 119658K [0x0000000080000000, 0x0000000100000000)
  region size 1024K, 55 young (56320K), 6 survivors (6144K)
 Metaspace       used 77908K, committed 78464K, reserved 1179648K
  class space    used 10633K, committed 10880K, reserved 1048576K
}
Event: 16.448 GC heap after
{Heap after GC invocations=29 (full 0):
 garbage-first heap   total 153600K, used 71163K [0x0000000080000000, 0x0000000100000000)
  region size 1024K, 5 young (5120K), 5 survivors (5120K)
 Metaspace       used 77908K, committed 78464K, reserved 1179648K
  class space    used 10633K, committed 10880K, reserved 1048576K
}
Event: 17.729 GC heap before
{Heap before GC invocations=29 (full 0):
 garbage-first heap   total 153600K, used 122363K [0x0000000080000000, 0x0000000100000000)
  region size 1024K, 55 young (56320K), 5 survivors (5120K)
 Metaspace       used 81996K, committed 82624K, reserved 1179648K
  class space    used 11252K, committed 11520K, reserved 1048576K
}
Event: 17.741 GC heap after
{Heap after GC invocations=30 (full 0):
 garbage-first heap   total 153600K, used 73962K [0x0000000080000000, 0x0000000100000000)
  region size 1024K, 5 young (5120K), 5 survivors (5120K)
 Metaspace       used 81996K, committed 82624K, reserved 1179648K
  class space    used 11252K, committed 11520K, reserved 1048576K
}
Event: 18.715 GC heap before
{Heap before GC invocations=30 (full 0):
 garbage-first heap   total 153600K, used 124138K [0x0000000080000000, 0x0000000100000000)
  region size 1024K, 54 young (55296K), 5 survivors (5120K)
 Metaspace       used 85680K, committed 86272K, reserved 1179648K
  class space    used 11843K, committed 12096K, reserved 1048576K
}
Event: 18.726 GC heap after
{Heap after GC invocations=31 (full 0):
 garbage-first heap   total 153600K, used 76452K [0x0000000080000000, 0x0000000100000000)
  region size 1024K, 6 young (6144K), 6 survivors (6144K)
 Metaspace       used 85680K, committed 86272K, reserved 1179648K
  class space    used 11843K, committed 12096K, reserved 1048576K
}
Event: 20.237 GC heap before
{Heap before GC invocations=32 (full 0):
 garbage-first heap   total 153600K, used 123556K [0x0000000080000000, 0x0000000100000000)
  region size 1024K, 53 young (54272K), 6 survivors (6144K)
 Metaspace       used 89673K, committed 90240K, reserved 1179648K
  class space    used 12402K, committed 12672K, reserved 1048576K
}
Event: 20.251 GC heap after
{Heap after GC invocations=33 (full 0):
 garbage-first heap   total 153600K, used 79863K [0x0000000080000000, 0x0000000100000000)
  region size 1024K, 6 young (6144K), 6 survivors (6144K)
 Metaspace       used 89673K, committed 90240K, reserved 1179648K
  class space    used 12402K, committed 12672K, reserved 1048576K
}
Event: 20.279 GC heap before
{Heap before GC invocations=33 (full 0):
 garbage-first heap   total 153600K, used 80887K [0x0000000080000000, 0x0000000100000000)
  region size 1024K, 7 young (7168K), 6 survivors (6144K)
 Metaspace       used 89793K, committed 90432K, reserved 1179648K
  class space    used 12425K, committed 12736K, reserved 1048576K
}
Event: 20.288 GC heap after
{Heap after GC invocations=34 (full 0):
 garbage-first heap   total 153600K, used 79872K [0x0000000080000000, 0x0000000100000000)
  region size 1024K, 1 young (1024K), 1 survivors (1024K)
 Metaspace       used 89793K, committed 90432K, reserved 1179648K
  class space    used 12425K, committed 12736K, reserved 1048576K
}
Event: 21.488 GC heap before
{Heap before GC invocations=34 (full 0):
 garbage-first heap   total 153600K, used 126976K [0x0000000080000000, 0x0000000100000000)
  region size 1024K, 47 young (48128K), 1 survivors (1024K)
 Metaspace       used 91513K, committed 92160K, reserved 1179648K
  class space    used 12690K, committed 12992K, reserved 1048576K
}
Event: 21.502 GC heap after
{Heap after GC invocations=35 (full 0):
 garbage-first heap   total 153600K, used 84237K [0x0000000080000000, 0x0000000100000000)
  region size 1024K, 6 young (6144K), 6 survivors (6144K)
 Metaspace       used 91513K, committed 92160K, reserved 1179648K
  class space    used 12690K, committed 12992K, reserved 1048576K
}
Event: 22.103 GC heap before
{Heap before GC invocations=36 (full 0):
 garbage-first heap   total 155648K, used 125197K [0x0000000080000000, 0x0000000100000000)
  region size 1024K, 46 young (47104K), 6 survivors (6144K)
 Metaspace       used 91640K, committed 92352K, reserved 1179648K
  class space    used 12691K, committed 12992K, reserved 1048576K
}
Event: 22.112 GC heap after
{Heap after GC invocations=37 (full 0):
 garbage-first heap   total 155648K, used 85622K [0x0000000080000000, 0x0000000100000000)
  region size 1024K, 4 young (4096K), 4 survivors (4096K)
 Metaspace       used 91640K, committed 92352K, reserved 1179648K
  class space    used 12691K, committed 12992K, reserved 1048576K
}
Event: 22.155 GC heap before
{Heap before GC invocations=37 (full 0):
 garbage-first heap   total 155648K, used 87670K [0x0000000080000000, 0x0000000100000000)
  region size 1024K, 7 young (7168K), 4 survivors (4096K)
 Metaspace       used 91661K, committed 92352K, reserved 1179648K
  class space    used 12691K, committed 12992K, reserved 1048576K
}

