# JRE version: OpenJDK Runtime Environment (17.0.11) (build 17.0.11+0--11852314)
# Java VM: OpenJDK 64-Bit Server VM (17.0.11+0--11852314, mixed mode, tiered, compressed oops, compressed class ptrs, g1 gc, windows-amd64)
GC Precious Log:
 CPUs: 4 total, 4 available
 Memory: 8077M
 Large Page Support: Disabled
 NUMA Support: Disabled
 Compressed Oops: Enabled (32-bit)
 Heap Region Size: 1M
 Heap Min Capacity: 8M
 Heap Initial Capacity: 128M
 Heap Max Capacity: 2G
 Pre-touch: Disabled
 Parallel Workers: 4
 Concurrent Workers: 1
 Concurrent Refinement Workers: 4
 Periodic GC: Disabled
Heap:
 garbage-first heap   total 199680K, used 116035K [0x0000000080000000, 0x0000000100000000)
  region size 1024K, 4 young (4096K), 4 survivors (4096K)
 Metaspace       used 98265K, committed 99008K, reserved 1179648K
  class space    used 13373K, committed 13696K, reserved 1048576K
GC Heap History (20 events):
Event: 21.507 GC heap after
{Heap after GC invocations=23 (full 0):
 garbage-first heap   total 169984K, used 75088K [0x0000000080000000, 0x0000000100000000)
  region size 1024K, 6 young (6144K), 6 survivors (6144K)
 Metaspace       used 84813K, committed 85440K, reserved 1179648K
  class space    used 11663K, committed 11904K, reserved 1048576K
}
Event: 23.252 GC heap before
{Heap before GC invocations=23 (full 0):
 garbage-first heap   total 169984K, used 138576K [0x0000000080000000, 0x0000000100000000)
  region size 1024K, 68 young (69632K), 6 survivors (6144K)
 Metaspace       used 90309K, committed 90944K, reserved 1179648K
  class space    used 12503K, committed 12800K, reserved 1048576K
}
Event: 23.272 GC heap after
{Heap after GC invocations=24 (full 0):
 garbage-first heap   total 169984K, used 79062K [0x0000000080000000, 0x0000000100000000)
  region size 1024K, 8 young (8192K), 8 survivors (8192K)
 Metaspace       used 90309K, committed 90944K, reserved 1179648K
  class space    used 12503K, committed 12800K, reserved 1048576K
}
Event: 25.105 GC heap before
{Heap before GC invocations=24 (full 0):
 garbage-first heap   total 169984K, used 139478K [0x0000000080000000, 0x0000000100000000)
  region size 1024K, 67 young (68608K), 8 survivors (8192K)
 Metaspace       used 91626K, committed 92352K, reserved 1179648K
  class space    used 12684K, committed 12992K, reserved 1048576K
}
Event: 25.124 GC heap after
{Heap after GC invocations=25 (full 0):
 garbage-first heap   total 169984K, used 84583K [0x0000000080000000, 0x0000000100000000)
  region size 1024K, 9 young (9216K), 9 survivors (9216K)
 Metaspace       used 91626K, committed 92352K, reserved 1179648K
  class space    used 12684K, committed 12992K, reserved 1048576K
}
Event: 25.955 GC heap before
{Heap before GC invocations=25 (full 0):
 garbage-first heap   total 169984K, used 138855K [0x0000000080000000, 0x0000000100000000)
  region size 1024K, 62 young (63488K), 9 survivors (9216K)
 Metaspace       used 91832K, committed 92480K, reserved 1179648K
  class space    used 12686K, committed 12992K, reserved 1048576K
}
Event: 25.970 GC heap after
{Heap after GC invocations=26 (full 0):
 garbage-first heap   total 169984K, used 86531K [0x0000000080000000, 0x0000000100000000)
  region size 1024K, 4 young (4096K), 4 survivors (4096K)
 Metaspace       used 91832K, committed 92480K, reserved 1179648K
  class space    used 12686K, committed 12992K, reserved 1048576K
}
Event: 26.526 GC heap before
{Heap before GC invocations=26 (full 0):
 garbage-first heap   total 169984K, used 113155K [0x0000000080000000, 0x0000000100000000)
  region size 1024K, 32 young (32768K), 4 survivors (4096K)
 Metaspace       used 92231K, committed 92928K, reserved 1179648K
  class space    used 12745K, committed 13056K, reserved 1048576K
}
Event: 26.533 GC heap after
{Heap after GC invocations=27 (full 0):
 garbage-first heap   total 169984K, used 88280K [0x0000000080000000, 0x0000000100000000)
  region size 1024K, 6 young (6144K), 6 survivors (6144K)
 Metaspace       used 92231K, committed 92928K, reserved 1179648K
  class space    used 12745K, committed 13056K, reserved 1048576K
}
Event: 28.018 GC heap before
{Heap before GC invocations=28 (full 0):
 garbage-first heap   total 171008K, used 145624K [0x0000000080000000, 0x0000000100000000)
  region size 1024K, 55 young (56320K), 6 survivors (6144K)
 Metaspace       used 95066K, committed 95744K, reserved 1179648K
  class space    used 13016K, committed 13312K, reserved 1048576K
}
Event: 28.043 GC heap after
{Heap after GC invocations=29 (full 0):
 garbage-first heap   total 172032K, used 106787K [0x0000000080000000, 0x0000000100000000)
  region size 1024K, 7 young (7168K), 7 survivors (7168K)
 Metaspace       used 95066K, committed 95744K, reserved 1179648K
  class space    used 13016K, committed 13312K, reserved 1048576K
}
Event: 28.060 GC heap before
{Heap before GC invocations=29 (full 0):
 garbage-first heap   total 172032K, used 107811K [0x0000000080000000, 0x0000000100000000)
  region size 1024K, 8 young (8192K), 7 survivors (7168K)
 Metaspace       used 95066K, committed 95744K, reserved 1179648K
  class space    used 13016K, committed 13312K, reserved 1048576K
}
Event: 28.073 GC heap after
{Heap after GC invocations=30 (full 0):
 garbage-first heap   total 172032K, used 107520K [0x0000000080000000, 0x0000000100000000)
  region size 1024K, 1 young (1024K), 1 survivors (1024K)
 Metaspace       used 95066K, committed 95744K, reserved 1179648K
  class space    used 13016K, committed 13312K, reserved 1048576K
}
Event: 28.881 GC heap before
{Heap before GC invocations=30 (full 0):
 garbage-first heap   total 172032K, used 160768K [0x0000000080000000, 0x0000000100000000)
  region size 1024K, 26 young (26624K), 1 survivors (1024K)
 Metaspace       used 95761K, committed 96512K, reserved 1179648K
  class space    used 13092K, committed 13440K, reserved 1048576K
}
Event: 28.891 GC heap after
{Heap after GC invocations=31 (full 0):
 garbage-first heap   total 172032K, used 111031K [0x0000000080000000, 0x0000000100000000)
  region size 1024K, 4 young (4096K), 4 survivors (4096K)
 Metaspace       used 95761K, committed 96512K, reserved 1179648K
  class space    used 13092K, committed 13440K, reserved 1048576K
}
Event: 29.583 GC heap before
{Heap before GC invocations=32 (full 0):
 garbage-first heap   total 199680K, used 135607K [0x0000000080000000, 0x0000000100000000)
  region size 1024K, 29 young (29696K), 4 survivors (4096K)
 Metaspace       used 97720K, committed 98496K, reserved 1179648K
  class space    used 13305K, committed 13696K, reserved 1048576K
}
Event: 29.596 GC heap after
{Heap after GC invocations=33 (full 0):
 garbage-first heap   total 199680K, used 112975K [0x0000000080000000, 0x0000000100000000)
  region size 1024K, 2 young (2048K), 2 survivors (2048K)
 Metaspace       used 97720K, committed 98496K, reserved 1179648K
  class space    used 13305K, committed 13696K, reserved 1048576K
}
Event: 29.723 GC heap before
{Heap before GC invocations=33 (full 0):
 garbage-first heap   total 199680K, used 119119K [0x0000000080000000, 0x0000000100000000)
  region size 1024K, 9 young (9216K), 2 survivors (2048K)
 Metaspace       used 97991K, committed 98752K, reserved 1179648K
  class space    used 13338K, committed 13696K, reserved 1048576K
}
Event: 29.730 GC heap after
{Heap after GC invocations=34 (full 0):
 garbage-first heap   total 199680K, used 113697K [0x0000000080000000, 0x0000000100000000)
  region size 1024K, 2 young (2048K), 2 survivors (2048K)
 Metaspace       used 97991K, committed 98752K, reserved 1179648K
  class space    used 13338K, committed 13696K, reserved 1048576K
}
Event: 30.458 GC heap before
{Heap before GC invocations=34 (full 0):
 garbage-first heap   total 199680K, used 153633K [0x0000000080000000, 0x0000000100000000)
  region size 1024K, 41 young (41984K), 2 survivors (2048K)
 Metaspace       used 98265K, committed 99008K, reserved 1179648K
  class space    used 13373K, committed 13696K, reserved 1048576K
}

